<?xml version="1.0" encoding="UTF-8"?>
<testng-results skipped="0" failed="0" ignored="0" total="1" passed="1">
  <reporter-output>
  </reporter-output>
  <suite name="Default suite" duration-ms="45715" started-at="2019-10-01T22:49:12Z" finished-at="2019-10-01T22:49:58Z">
    <groups>
    </groups>
    <test name="Default test" duration-ms="45715" started-at="2019-10-01T22:49:12Z" finished-at="2019-10-01T22:49:58Z">
      <class name="com.glenhawk.testcases.HomepageTC">
        <test-method status="PASS" signature="beforeMethod()[pri:0, instance:com.glenhawk.testcases.HomepageTC@5f341870]" name="beforeMethod" is-config="true" duration-ms="14816" started-at="2019-10-01T23:49:12Z" finished-at="2019-10-01T23:49:27Z">
          <reporter-output>
          </reporter-output>
        </test-method> <!-- beforeMethod -->
        <test-method status="PASS" signature="f()[pri:0, instance:com.glenhawk.testcases.HomepageTC@5f341870]" name="f" duration-ms="24839" started-at="2019-10-01T23:49:27Z" finished-at="2019-10-01T23:49:52Z">
          <reporter-output>
          </reporter-output>
        </test-method> <!-- f -->
        <test-method status="PASS" signature="afterMethod()[pri:0, instance:com.glenhawk.testcases.HomepageTC@5f341870]" name="afterMethod" is-config="true" duration-ms="6028" started-at="2019-10-01T23:49:52Z" finished-at="2019-10-01T23:49:58Z">
          <reporter-output>
          </reporter-output>
        </test-method> <!-- afterMethod -->
      </class> <!-- com.glenhawk.testcases.HomepageTC -->
    </test> <!-- Default test -->
  </suite> <!-- Default suite -->
</testng-results>
